# JRE version: Java(TM) SE Runtime Environment (8.0_45-b15) (build 1.8.0_45-b15)
# Java VM: Java HotSpot(TM) 64-Bit Server VM (25.45-b02 mixed mode windows-amd64 compressed oops)
Heap:
 PSYoungGen      total 125952K, used 117488K [0x00000000f5580000, 0x00000000fd800000, 0x0000000100000000)
  eden space 118272K, 99% used [0x00000000f5580000,0x00000000fc83c048,0x00000000fc900000)
  from space 7680K, 0% used [0x00000000fc900000,0x00000000fc900000,0x00000000fd080000)
  to   space 7680K, 0% used [0x00000000fd080000,0x00000000fd080000,0x00000000fd800000)
 ParOldGen       total 91648K, used 53464K [0x00000000e0000000, 0x00000000e5980000, 0x00000000f5580000)
  object space 91648K, 58% used [0x00000000e0000000,0x00000000e34360a8,0x00000000e5980000)
 Metaspace       used 95301K, capacity 102672K, committed 102912K, reserved 1138688K
  class space    used 11351K, capacity 13533K, committed 13568K, reserved 1048576K
GC Heap History (10 events):
Event: 2800.282 GC heap before
{Heap before GC invocations=90 (full 29):
 PSYoungGen      total 126464K, used 160K [0x00000000f5580000, 0x00000000fd900000, 0x0000000100000000)
  eden space 118272K, 0% used [0x00000000f5580000,0x00000000f5580000,0x00000000fc900000)
  from space 8192K, 1% used [0x00000000fc900000,0x00000000fc928000,0x00000000fd100000)
  to   space 8192K, 0% used [0x00000000fd100000,0x00000000fd100000,0x00000000fd900000)
 ParOldGen       total 91648K, used 53703K [0x00000000e0000000, 0x00000000e5980000, 0x00000000f5580000)
  object space 91648K, 58% used [0x00000000e0000000,0x00000000e3471fd0,0x00000000e5980000)
 Metaspace       used 94664K, capacity 102042K, committed 102400K, reserved 1138688K
  class space    used 11282K, capacity 13498K, committed 13568K, reserved 1048576K
Event: 2800.459 GC heap after
Heap after GC invocations=90 (full 29):
 PSYoungGen      total 126464K, used 0K [0x00000000f5580000, 0x00000000fd900000, 0x0000000100000000)
  eden space 118272K, 0% used [0x00000000f5580000,0x00000000f5580000,0x00000000fc900000)
  from space 8192K, 0% used [0x00000000fc900000,0x00000000fc900000,0x00000000fd100000)
  to   space 8192K, 0% used [0x00000000fd100000,0x00000000fd100000,0x00000000fd900000)
 ParOldGen       total 91648K, used 53557K [0x00000000e0000000, 0x00000000e5980000, 0x00000000f5580000)
  object space 91648K, 58% used [0x00000000e0000000,0x00000000e344d608,0x00000000e5980000)
 Metaspace       used 94664K, capacity 102042K, committed 102400K, reserved 1138688K
  class space    used 11282K, capacity 13498K, committed 13568K, reserved 1048576K
}
Event: 2860.307 GC heap before
{Heap before GC invocations=91 (full 29):
 PSYoungGen      total 126464K, used 3366K [0x00000000f5580000, 0x00000000fd900000, 0x0000000100000000)
  eden space 118272K, 2% used [0x00000000f5580000,0x00000000f58c9bc0,0x00000000fc900000)
  from space 8192K, 0% used [0x00000000fc900000,0x00000000fc900000,0x00000000fd100000)
  to   space 8192K, 0% used [0x00000000fd100000,0x00000000fd100000,0x00000000fd900000)
 ParOldGen       total 91648K, used 53557K [0x00000000e0000000, 0x00000000e5980000, 0x00000000f5580000)
  object space 91648K, 58% used [0x00000000e0000000,0x00000000e344d608,0x00000000e5980000)
 Metaspace       used 94664K, capacity 102042K, committed 102400K, reserved 1138688K
  class space    used 11282K, capacity 13498K, committed 13568K, reserved 1048576K
Event: 2860.312 GC heap after
Heap after GC invocations=91 (full 29):
 PSYoungGen      total 125440K, used 192K [0x00000000f5580000, 0x00000000fd800000, 0x0000000100000000)
  eden space 118272K, 0% used [0x00000000f5580000,0x00000000f5580000,0x00000000fc900000)
  from space 7168K, 2% used [0x00000000fd100000,0x00000000fd130000,0x00000000fd800000)
  to   space 7680K, 0% used [0x00000000fc900000,0x00000000fc900000,0x00000000fd080000)
 ParOldGen       total 91648K, used 53557K [0x00000000e0000000, 0x00000000e5980000, 0x00000000f5580000)
  object space 91648K, 58% used [0x00000000e0000000,0x00000000e344d608,0x00000000e5980000)
 Metaspace       used 94664K, capacity 102042K, committed 102400K, reserved 1138688K
  class space    used 11282K, capacity 13498K, committed 13568K, reserved 1048576K
}
Event: 2860.312 GC heap before
{Heap before GC invocations=92 (full 30):
 PSYoungGen      total 125440K, used 192K [0x00000000f5580000, 0x00000000fd800000, 0x0000000100000000)
  eden space 118272K, 0% used [0x00000000f5580000,0x00000000f5580000,0x00000000fc900000)
  from space 7168K, 2% used [0x00000000fd100000,0x00000000fd130000,0x00000000fd800000)
  to   space 7680K, 0% used [0x00000000fc900000,0x00000000fc900000,0x00000000fd080000)
 ParOldGen       total 91648K, used 53557K [0x00000000e0000000, 0x00000000e5980000, 0x00000000f5580000)
  object space 91648K, 58% used [0x00000000e0000000,0x00000000e344d608,0x00000000e5980000)
 Metaspace       used 94664K, capacity 102042K, committed 102400K, reserved 1138688K
  class space    used 11282K, capacity 13498K, committed 13568K, reserved 1048576K
Event: 2860.530 GC heap after
Heap after GC invocations=92 (full 30):
 PSYoungGen      total 125440K, used 0K [0x00000000f5580000, 0x00000000fd800000, 0x0000000100000000)
  eden space 118272K, 0% used [0x00000000f5580000,0x00000000f5580000,0x00000000fc900000)
  from space 7168K, 0% used [0x00000000fd100000,0x00000000fd100000,0x00000000fd800000)
  to   space 7680K, 0% used [0x00000000fc900000,0x00000000fc900000,0x00000000fd080000)
 ParOldGen       total 91648K, used 53475K [0x00000000e0000000, 0x00000000e5980000, 0x00000000f5580000)
  object space 91648K, 58% used [0x00000000e0000000,0x00000000e3438fe0,0x00000000e5980000)
 Metaspace       used 94664K, capacity 102042K, committed 102400K, reserved 1138688K
  class space    used 11282K, capacity 13498K, committed 13568K, reserved 1048576K
}
Event: 2920.300 GC heap before
{Heap before GC invocations=93 (full 30):
 PSYoungGen      total 125440K, used 3415K [0x00000000f5580000, 0x00000000fd800000, 0x0000000100000000)
  eden space 118272K, 2% used [0x00000000f5580000,0x00000000f58d5fe0,0x00000000fc900000)
  from space 7168K, 0% used [0x00000000fd100000,0x00000000fd100000,0x00000000fd800000)
  to   space 7680K, 0% used [0x00000000fc900000,0x00000000fc900000,0x00000000fd080000)
 ParOldGen       total 91648K, used 53475K [0x00000000e0000000, 0x00000000e5980000, 0x00000000f5580000)
  object space 91648K, 58% used [0x00000000e0000000,0x00000000e3438fe0,0x00000000e5980000)
 Metaspace       used 94676K, capacity 102042K, committed 102400K, reserved 1138688K
  class space    used 11284K, capacity 13498K, committed 13568K, reserved 1048576K
Event: 2920.309 GC heap after
Heap after GC invocations=93 (full 30):
 PSYoungGen      total 125952K, used 192K [0x00000000f5580000, 0x00000000fd800000, 0x0000000100000000)
  eden space 118272K, 0% used [0x00000000f5580000,0x00000000f5580000,0x00000000fc900000)
  from space 7680K, 2% used [0x00000000fc900000,0x00000000fc930000,0x00000000fd080000)
  to   space 7680K, 0% used [0x00000000fd080000,0x00000000fd080000,0x00000000fd800000)
 ParOldGen       total 91648K, used 53475K [0x00000000e0000000, 0x00000000e5980000, 0x00000000f5580000)
  object space 91648K, 58% used [0x00000000e0000000,0x00000000e3438fe0,0x00000000e5980000)
 Metaspace       used 94676K, capacity 102042K, committed 102400K, reserved 1138688K
  class space    used 11284K, capacity 13498K, committed 13568K, reserved 1048576K
}
Event: 2920.309 GC heap before
{Heap before GC invocations=94 (full 31):
 PSYoungGen      total 125952K, used 192K [0x00000000f5580000, 0x00000000fd800000, 0x0000000100000000)
  eden space 118272K, 0% used [0x00000000f5580000,0x00000000f5580000,0x00000000fc900000)
  from space 7680K, 2% used [0x00000000fc900000,0x00000000fc930000,0x00000000fd080000)
  to   space 7680K, 0% used [0x00000000fd080000,0x00000000fd080000,0x00000000fd800000)
 ParOldGen       total 91648K, used 53475K [0x00000000e0000000, 0x00000000e5980000, 0x00000000f5580000)
  object space 91648K, 58% used [0x00000000e0000000,0x00000000e3438fe0,0x00000000e5980000)
 Metaspace       used 94676K, capacity 102042K, committed 102400K, reserved 1138688K
  class space    used 11284K, capacity 13498K, committed 13568K, reserved 1048576K
Event: 2920.555 GC heap after
Heap after GC invocations=94 (full 31):
 PSYoungGen      total 125952K, used 0K [0x00000000f5580000, 0x00000000fd800000, 0x0000000100000000)
  eden space 118272K, 0% used [0x00000000f5580000,0x00000000f5580000,0x00000000fc900000)
  from space 7680K, 0% used [0x00000000fc900000,0x00000000fc900000,0x00000000fd080000)
  to   space 7680K, 0% used [0x00000000fd080000,0x00000000fd080000,0x00000000fd800000)
 ParOldGen       total 91648K, used 53464K [0x00000000e0000000, 0x00000000e5980000, 0x00000000f5580000)
  object space 91648K, 58% used [0x00000000e0000000,0x00000000e34360a8,0x00000000e5980000)
 Metaspace       used 94676K, capacity 102042K, committed 102400K, reserved 1138688K
  class space    used 11284K, capacity 13498K, committed 13568K, reserved 1048576K
}

