# JRE version: Java(TM) SE Runtime Environment (8.0_45-b15) (build 1.8.0_45-b15)
# Java VM: Java HotSpot(TM) 64-Bit Server VM (25.45-b02 mixed mode windows-amd64 compressed oops)
Heap:
 PSYoungGen      total 38400K, used 20357K [0x00000000f5580000, 0x00000000f8000000, 0x0000000100000000)
  eden space 33280K, 49% used [0x00000000f5580000,0x00000000f659d7f0,0x00000000f7600000)
  from space 5120K, 75% used [0x00000000f7b00000,0x00000000f7ec3f10,0x00000000f8000000)
  to   space 5120K, 0% used [0x00000000f7600000,0x00000000f7600000,0x00000000f7b00000)
 ParOldGen       total 87552K, used 6420K [0x00000000e0000000, 0x00000000e5580000, 0x00000000f5580000)
  object space 87552K, 7% used [0x00000000e0000000,0x00000000e0645040,0x00000000e5580000)
 Metaspace       used 17263K, capacity 17514K, committed 17792K, reserved 1064960K
  class space    used 2238K, capacity 2333K, committed 2432K, reserved 1048576K
GC Heap History (4 events):
Event: 36.574 GC heap before
{Heap before GC invocations=1 (full 0):
 PSYoungGen      total 38400K, used 33280K [0x00000000f5580000, 0x00000000f8000000, 0x0000000100000000)
  eden space 33280K, 100% used [0x00000000f5580000,0x00000000f7600000,0x00000000f7600000)
  from space 5120K, 0% used [0x00000000f7b00000,0x00000000f7b00000,0x00000000f8000000)
  to   space 5120K, 0% used [0x00000000f7600000,0x00000000f7600000,0x00000000f7b00000)
 ParOldGen       total 87552K, used 0K [0x00000000e0000000, 0x00000000e5580000, 0x00000000f5580000)
  object space 87552K, 0% used [0x00000000e0000000,0x00000000e0000000,0x00000000e5580000)
 Metaspace       used 15322K, capacity 15566K, committed 15872K, reserved 1062912K
  class space    used 1933K, capacity 2007K, committed 2048K, reserved 1048576K
Event: 36.582 GC heap after
Heap after GC invocations=1 (full 0):
 PSYoungGen      total 38400K, used 5118K [0x00000000f5580000, 0x00000000f8000000, 0x0000000100000000)
  eden space 33280K, 0% used [0x00000000f5580000,0x00000000f5580000,0x00000000f7600000)
  from space 5120K, 99% used [0x00000000f7600000,0x00000000f7aff818,0x00000000f7b00000)
  to   space 5120K, 0% used [0x00000000f7b00000,0x00000000f7b00000,0x00000000f8000000)
 ParOldGen       total 87552K, used 3418K [0x00000000e0000000, 0x00000000e5580000, 0x00000000f5580000)
  object space 87552K, 3% used [0x00000000e0000000,0x00000000e0356930,0x00000000e5580000)
 Metaspace       used 15322K, capacity 15566K, committed 15872K, reserved 1062912K
  class space    used 1933K, capacity 2007K, committed 2048K, reserved 1048576K
}
Event: 193.485 GC heap before
{Heap before GC invocations=2 (full 0):
 PSYoungGen      total 38400K, used 37011K [0x00000000f5580000, 0x00000000f8000000, 0x0000000100000000)
  eden space 33280K, 95% used [0x00000000f5580000,0x00000000f74a56e0,0x00000000f7600000)
  from space 5120K, 99% used [0x00000000f7600000,0x00000000f7aff818,0x00000000f7b00000)
  to   space 5120K, 0% used [0x00000000f7b00000,0x00000000f7b00000,0x00000000f8000000)
 ParOldGen       total 87552K, used 3418K [0x00000000e0000000, 0x00000000e5580000, 0x00000000f5580000)
  object space 87552K, 3% used [0x00000000e0000000,0x00000000e0356930,0x00000000e5580000)
 Metaspace       used 16563K, capacity 16772K, committed 17152K, reserved 1064960K
  class space    used 2156K, capacity 2236K, committed 2304K, reserved 1048576K
Event: 193.491 GC heap after
Heap after GC invocations=2 (full 0):
 PSYoungGen      total 38400K, used 3855K [0x00000000f5580000, 0x00000000f8000000, 0x0000000100000000)
  eden space 33280K, 0% used [0x00000000f5580000,0x00000000f5580000,0x00000000f7600000)
  from space 5120K, 75% used [0x00000000f7b00000,0x00000000f7ec3f10,0x00000000f8000000)
  to   space 5120K, 0% used [0x00000000f7600000,0x00000000f7600000,0x00000000f7b00000)
 ParOldGen       total 87552K, used 6420K [0x00000000e0000000, 0x00000000e5580000, 0x00000000f5580000)
  object space 87552K, 7% used [0x00000000e0000000,0x00000000e0645040,0x00000000e5580000)
 Metaspace       used 16563K, capacity 16772K, committed 17152K, reserved 1064960K
  class space    used 2156K, capacity 2236K, committed 2304K, reserved 1048576K
}

